<?xml version="1.0" encoding="UTF-8"?>
<!-- Generated by org.testng.reporters.JUnitXMLReporter -->
<testsuite ignored="0" hostname="Lucky" failures="0" tests="7" name="Default test" time="20.271" errors="0" timestamp="2025-07-09T19:20:53 IST">
  <testcase classname="Intern.NullClassInternshipProject" name="openBrowserAndNavigate" time="8.08"/>
  <testcase classname="Intern.NullClassInternshipProject" name="searchAddToCartAndPay" time="0.005"/>
  <testcase classname="Intern.NullClassInternshipProject" name="searchWithFilters" time="0.0"/>
  <testcase classname="Intern.NullClassInternshipProject" name="monitorPriceAndNotify" time="6.526"/>
  <testcase classname="Intern.NullClassInternshipProject" name="loginAndProfileValidation" time="0.003"/>
  <testcase classname="Intern.NullClassInternshipProject" name="addMultipleProductsVerifyTotal" time="0.001"/>
  <testcase classname="Intern.NullClassInternshipProject" name="verifyNonElectronicProductSelection" time="0.002"/>
</testsuite> <!-- Default test -->
