<?xml version="1.0" encoding="UTF-8"?>
<testng-results ignored="0" total="7" passed="7" failed="0" skipped="0">
  <reporter-output>
  </reporter-output>
  <suite started-at="2025-07-09T19:20:32 IST" name="Default suite" finished-at="2025-07-09T19:20:53 IST" duration-ms="20271">
    <groups>
    </groups>
    <test started-at="2025-07-09T19:20:32 IST" name="Default test" finished-at="2025-07-09T19:20:53 IST" duration-ms="20271">
      <class name="Intern.NullClassInternshipProject">
        <test-method is-config="true" signature="setUp()[pri:0, instance:Intern.NullClassInternshipProject@17a7f733]" started-at="2025-07-09T19:20:33 IST" name="setUp" finished-at="2025-07-09T19:20:38 IST" duration-ms="5062" status="PASS">
          <reporter-output>
          </reporter-output>
        </test-method> <!-- setUp -->
        <test-method signature="openBrowserAndNavigate()[pri:1, instance:Intern.NullClassInternshipProject@17a7f733]" started-at="2025-07-09T19:20:38 IST" name="openBrowserAndNavigate" finished-at="2025-07-09T19:20:46 IST" duration-ms="8080" status="PASS">
          <reporter-output>
          </reporter-output>
        </test-method> <!-- openBrowserAndNavigate -->
        <test-method signature="searchAddToCartAndPay()[pri:2, instance:Intern.NullClassInternshipProject@17a7f733]" started-at="2025-07-09T19:20:46 IST" name="searchAddToCartAndPay" finished-at="2025-07-09T19:20:46 IST" duration-ms="5" status="PASS">
          <reporter-output>
          </reporter-output>
        </test-method> <!-- searchAddToCartAndPay -->
        <test-method signature="searchWithFilters()[pri:3, instance:Intern.NullClassInternshipProject@17a7f733]" started-at="2025-07-09T19:20:46 IST" name="searchWithFilters" finished-at="2025-07-09T19:20:46 IST" duration-ms="0" status="PASS">
          <reporter-output>
          </reporter-output>
        </test-method> <!-- searchWithFilters -->
        <test-method signature="monitorPriceAndNotify()[pri:4, instance:Intern.NullClassInternshipProject@17a7f733]" started-at="2025-07-09T19:20:46 IST" name="monitorPriceAndNotify" finished-at="2025-07-09T19:20:52 IST" duration-ms="6526" status="PASS">
          <reporter-output>
          </reporter-output>
        </test-method> <!-- monitorPriceAndNotify -->
        <test-method signature="loginAndProfileValidation()[pri:5, instance:Intern.NullClassInternshipProject@17a7f733]" started-at="2025-07-09T19:20:52 IST" name="loginAndProfileValidation" finished-at="2025-07-09T19:20:52 IST" duration-ms="3" status="PASS">
          <reporter-output>
          </reporter-output>
        </test-method> <!-- loginAndProfileValidation -->
        <test-method signature="addMultipleProductsVerifyTotal()[pri:6, instance:Intern.NullClassInternshipProject@17a7f733]" started-at="2025-07-09T19:20:52 IST" name="addMultipleProductsVerifyTotal" finished-at="2025-07-09T19:20:52 IST" duration-ms="1" status="PASS">
          <reporter-output>
          </reporter-output>
        </test-method> <!-- addMultipleProductsVerifyTotal -->
        <test-method signature="verifyNonElectronicProductSelection()[pri:7, instance:Intern.NullClassInternshipProject@17a7f733]" started-at="2025-07-09T19:20:52 IST" name="verifyNonElectronicProductSelection" finished-at="2025-07-09T19:20:52 IST" duration-ms="2" status="PASS">
          <reporter-output>
          </reporter-output>
        </test-method> <!-- verifyNonElectronicProductSelection -->
        <test-method is-config="true" signature="tearDown()[pri:0, instance:Intern.NullClassInternshipProject@17a7f733]" started-at="2025-07-09T19:20:52 IST" name="tearDown" finished-at="2025-07-09T19:20:53 IST" duration-ms="467" status="PASS">
          <reporter-output>
          </reporter-output>
        </test-method> <!-- tearDown -->
      </class> <!-- Intern.NullClassInternshipProject -->
    </test> <!-- Default test -->
  </suite> <!-- Default suite -->
</testng-results>
